<?xml version="1.0" encoding="UTF-8"?>
<!-- Generated by org.testng.reporters.JUnitXMLReporter -->
<testsuite ignored="0" hostname="DESKTOP-SL6OCUJ" failures="0" tests="6" name="Default test" time="0.094" errors="0" timestamp="2022-11-07T11:35:37 IST">
  <testcase classname="com.timetracking.actitime.automation10.testNG.Invocation" name="demo4" time="0.013"/>
  <testcase classname="com.timetracking.actitime.automation10.testNG.Invocation" name="demo3" time="0.001"/>
  <testcase classname="com.timetracking.actitime.automation10.testNG.Invocation" name="demo5" time="0.002"/>
  <testcase classname="com.timetracking.actitime.automation10.testNG.Invocation" name="demo5" time="0.001"/>
  <testcase classname="com.timetracking.actitime.automation10.testNG.Invocation" name="demo5" time="0.001"/>
  <testcase classname="com.timetracking.actitime.automation10.testNG.Invocation" name="demo5" time="0.002"/>
</testsuite> <!-- Default test -->
