<?xml version="1.0" encoding="UTF-8"?>
<testng-results ignored="0" total="2" passed="2" failed="0" skipped="0">
  <reporter-output>
  </reporter-output>
  <suite started-at="2022-11-08T11:34:34 IST" name="Suite" finished-at="2022-11-08T11:35:03 IST" duration-ms="29270">
    <groups>
    </groups>
    <test started-at="2022-11-08T11:34:34 IST" name="Test1" finished-at="2022-11-08T11:34:59 IST" duration-ms="24768">
      <class name="com.timetracking.actitime.automation10.testNG.ClassD">
        <test-method signature="demo()[pri:0, instance:com.timetracking.actitime.automation10.testNG.ClassD@3c73951]" started-at="2022-11-08T11:34:34 IST" name="demo" finished-at="2022-11-08T11:34:59 IST" duration-ms="24709" status="PASS">
          <reporter-output>
          </reporter-output>
        </test-method> <!-- demo -->
      </class> <!-- com.timetracking.actitime.automation10.testNG.ClassD -->
    </test> <!-- Test1 -->
    <test started-at="2022-11-08T11:34:59 IST" name="Test2" finished-at="2022-11-08T11:35:03 IST" duration-ms="4450">
      <class name="com.timetracking.actitime.automation10.testNG.ClassC">
        <test-method signature="demo()[pri:0, instance:com.timetracking.actitime.automation10.testNG.ClassC@3a44431a]" started-at="2022-11-08T11:34:59 IST" name="demo" finished-at="2022-11-08T11:35:03 IST" duration-ms="4444" status="PASS">
          <reporter-output>
          </reporter-output>
        </test-method> <!-- demo -->
      </class> <!-- com.timetracking.actitime.automation10.testNG.ClassC -->
    </test> <!-- Test2 -->
  </suite> <!-- Suite -->
</testng-results>
