<?xml version="1.0" encoding="UTF-8"?>
<!-- Generated by org.testng.reporters.JUnitXMLReporter -->
<testsuite ignored="0" hostname="DESKTOP-SL6OCUJ" failures="0" tests="14" name="Test" time="0.115" errors="0" timestamp="2022-11-08T10:13:12 IST">
  <testcase classname="com.timetracking.actitime.automation10.testNG.HardAssert" name="demo" time="0.011"/>
  <testcase classname="com.timetracking.actitime.automation10.testNG.Invocation" name="demo4" time="0.002"/>
  <testcase classname="com.timetracking.actitime.automation10.testNG.Invocation" name="demo3" time="0.001"/>
  <testcase classname="com.timetracking.actitime.automation10.testNG.Invocation" name="demo5" time="0.002"/>
  <testcase classname="com.timetracking.actitime.automation10.testNG.Invocation" name="demo5" time="0.002"/>
  <testcase classname="com.timetracking.actitime.automation10.testNG.Invocation" name="demo5" time="0.002"/>
  <testcase classname="com.timetracking.actitime.automation10.testNG.Invocation" name="demo5" time="0.001"/>
  <testcase classname="com.timetracking.actitime.automation10.testNG.BuyProductTest" name="logout" time="0.002"/>
  <testcase classname="com.timetracking.actitime.automation10.testNG.BuyProductTest" name="loginTest" time="0.001"/>
  <testcase classname="com.timetracking.actitime.automation10.testNG.BuyProductTest" name="searchForProductTest" time="0.001"/>
  <testcase classname="com.timetracking.actitime.automation10.testNG.BuyProductTest" name="addProductTest" time="0.002"/>
  <testcase classname="com.timetracking.actitime.automation10.testNG.BuyProductTest" name="addPaymentTest" time="0.002"/>
  <testcase classname="com.timetracking.actitime.automation10.testNG.ClassB" name="demo1" time="0.001"/>
  <testcase classname="com.timetracking.actitime.automation10.testNG.ClassB" name="demo2" time="0.001"/>
</testsuite> <!-- Test -->
